MyApplication/app/build/intermediates/manifest_merge_blame_file/debug/processDebugMainManifest/manifest-merger-blame-debug-report.txt
1<?xml version="1.0" encoding="utf-8"?>
2<manifest xmlns:android="http://schemas.android.com/apk/res/android"
3    package="com.example.myapplication"
4    android:versionCode="1"
5    android:versionName="1.0" >
6
7    <uses-sdk
8        android:minSdkVersion="26"
9        android:targetSdkVersion="34" />
10
11    <uses-permission android:name="android.permission.INTERNET" />
11-->[com.google.firebase:firebase-auth:23.0.0] AndroidManifest.xml:25:5-67
11-->[com.google.firebase:firebase-auth:23.0.0] AndroidManifest.xml:25:22-64
12    <uses-permission android:name="android.permission.ACCESS_NETWORK_STATE" />
12-->[com.google.firebase:firebase-auth:23.0.0] AndroidManifest.xml:26:5-79
12-->[com.google.firebase:firebase-auth:23.0.0] AndroidManifest.xml:26:22-76
13    <uses-permission android:name="com.google.android.providers.gsf.permission.READ_GSERVICES" />
13-->[com.google.android.recaptcha:recaptcha:18.4.0] AndroidManifest.xml:9:5-98
13-->[com.google.android.recaptcha:recaptcha:18.4.0] AndroidManifest.xml:9:22-95
14
15    <permission
15-->[androidx.core:core:1.13.0] AndroidManifest.xml:22:5-24:47
16        android:name="com.example.myapplication.DYNAMIC_RECEIVER_NOT_EXPORTED_PERMISSION"
16-->[androidx.core:core:1.13.0] AndroidManifest.xml:23:9-81
17        android:protectionLevel="signature" />
17-->[androidx.core:core:1.13.0] AndroidManifest.xml:24:9-44
18
19    <uses-permission android:name="com.example.myapplication.DYNAMIC_RECEIVER_NOT_EXPORTED_PERMISSION" />
19-->[androidx.core:core:1.13.0] AndroidManifest.xml:26:5-97
19-->[androidx.core:core:1.13.0] AndroidManifest.xml:26:22-94
20
21    <application
21-->src\main\AndroidManifest.xml:5:5-30:19
22        android:allowBackup="true"
22-->src\main\AndroidManifest.xml:6:9-35
23        android:appComponentFactory="androidx.core.app.CoreComponentFactory"
23-->[androidx.core:core:1.13.0] AndroidManifest.xml:28:18-86
24        android:dataExtractionRules="@xml/data_extraction_rules"
24-->src\main\AndroidManifest.xml:7:9-65
25        android:debuggable="true"
26        android:extractNativeLibs="false"
27        android:fullBackupContent="@xml/backup_rules"
27-->src\main\AndroidManifest.xml:8:9-54
28        android:icon="@mipmap/ic_launcher"
28-->src\main\AndroidManifest.xml:9:9-43
29        android:label="@string/app_name"
29-->src\main\AndroidManifest.xml:10:9-41
30        android:roundIcon="@mipmap/ic_launcher_round"
30-->src\main\AndroidManifest.xml:11:9-54
31        android:supportsRtl="true"
31-->src\main\AndroidManifest.xml:12:9-35
32        android:testOnly="true"
33        android:theme="@style/Theme.MyApplication" >
33-->src\main\AndroidManifest.xml:13:9-51
34        <activity
34-->src\main\AndroidManifest.xml:15:9-23:20
35            android:name="com.example.myapplication.Login"
35-->src\main\AndroidManifest.xml:16:13-34
36            android:exported="true" >
36-->src\main\AndroidManifest.xml:17:13-36
37            <intent-filter>
37-->src\main\AndroidManifest.xml:18:13-22:29
38                <action android:name="android.intent.action.MAIN" />
38-->src\main\AndroidManifest.xml:19:17-69
38-->src\main\AndroidManifest.xml:19:25-66
39
40                <category android:name="android.intent.category.LAUNCHER" />
40-->src\main\AndroidManifest.xml:21:17-77
40-->src\main\AndroidManifest.xml:21:27-74
41            </intent-filter>
42        </activity>
43        <activity
43-->src\main\AndroidManifest.xml:24:9-26:40
44            android:name="com.example.myapplication.Register"
44-->src\main\AndroidManifest.xml:25:13-37
45            android:exported="false" />
45-->src\main\AndroidManifest.xml:26:13-37
46        <activity
46-->src\main\AndroidManifest.xml:27:9-29:39
47            android:name="com.example.myapplication.MainActivity"
47-->src\main\AndroidManifest.xml:28:13-41
48            android:exported="false" />
48-->src\main\AndroidManifest.xml:29:13-37
49        <activity
49-->[com.google.firebase:firebase-auth:23.0.0] AndroidManifest.xml:29:9-46:20
50            android:name="com.google.firebase.auth.internal.GenericIdpActivity"
50-->[com.google.firebase:firebase-auth:23.0.0] AndroidManifest.xml:30:13-80
51            android:excludeFromRecents="true"
51-->[com.google.firebase:firebase-auth:23.0.0] AndroidManifest.xml:31:13-46
52            android:exported="true"
52-->[com.google.firebase:firebase-auth:23.0.0] AndroidManifest.xml:32:13-36
53            android:launchMode="singleTask"
53-->[com.google.firebase:firebase-auth:23.0.0] AndroidManifest.xml:33:13-44
54            android:theme="@android:style/Theme.Translucent.NoTitleBar" >
54-->[com.google.firebase:firebase-auth:23.0.0] AndroidManifest.xml:34:13-72
55            <intent-filter>
55-->[com.google.firebase:firebase-auth:23.0.0] AndroidManifest.xml:35:13-45:29
56                <action android:name="android.intent.action.VIEW" />
56-->[com.google.firebase:firebase-auth:23.0.0] AndroidManifest.xml:36:17-69
56-->[com.google.firebase:firebase-auth:23.0.0] AndroidManifest.xml:36:25-66
57
58                <category android:name="android.intent.category.DEFAULT" />
58-->[com.google.firebase:firebase-auth:23.0.0] AndroidManifest.xml:38:17-76
58-->[com.google.firebase:firebase-auth:23.0.0] AndroidManifest.xml:38:27-73
59                <category android:name="android.intent.category.BROWSABLE" />
59-->[com.google.firebase:firebase-auth:23.0.0] AndroidManifest.xml:39:17-78
59-->[com.google.firebase:firebase-auth:23.0.0] AndroidManifest.xml:39:27-75
60
61                <data
61-->[com.google.firebase:firebase-auth:23.0.0] AndroidManifest.xml:41:17-44:51
62                    android:host="firebase.auth"
62-->[com.google.firebase:firebase-auth:23.0.0] AndroidManifest.xml:42:21-49
63                    android:path="/"
63-->[com.google.firebase:firebase-auth:23.0.0] AndroidManifest.xml:43:21-37
64                    android:scheme="genericidp" />
64-->[com.google.firebase:firebase-auth:23.0.0] AndroidManifest.xml:44:21-48
65            </intent-filter>
66        </activity>
67        <activity
67-->[com.google.firebase:firebase-auth:23.0.0] AndroidManifest.xml:47:9-64:20
68            android:name="com.google.firebase.auth.internal.RecaptchaActivity"
68-->[com.google.firebase:firebase-auth:23.0.0] AndroidManifest.xml:48:13-79
69            android:excludeFromRecents="true"
69-->[com.google.firebase:firebase-auth:23.0.0] AndroidManifest.xml:49:13-46
70            android:exported="true"
70-->[com.google.firebase:firebase-auth:23.0.0] AndroidManifest.xml:50:13-36
71            android:launchMode="singleTask"
71-->[com.google.firebase:firebase-auth:23.0.0] AndroidManifest.xml:51:13-44
72            android:theme="@android:style/Theme.Translucent.NoTitleBar" >
72-->[com.google.firebase:firebase-auth:23.0.0] AndroidManifest.xml:52:13-72
73            <intent-filter>
73-->[com.google.firebase:firebase-auth:23.0.0] AndroidManifest.xml:53:13-63:29
74                <action android:name="android.intent.action.VIEW" />
74-->[com.google.firebase:firebase-auth:23.0.0] AndroidManifest.xml:36:17-69
74-->[com.google.firebase:firebase-auth:23.0.0] AndroidManifest.xml:36:25-66
75
76                <category android:name="android.intent.category.DEFAULT" />
76-->[com.google.firebase:firebase-auth:23.0.0] AndroidManifest.xml:38:17-76
76-->[com.google.firebase:firebase-auth:23.0.0] AndroidManifest.xml:38:27-73
77                <category android:name="android.intent.category.BROWSABLE" />
77-->[com.google.firebase:firebase-auth:23.0.0] AndroidManifest.xml:39:17-78
77-->[com.google.firebase:firebase-auth:23.0.0] AndroidManifest.xml:39:27-75
78
79                <data
79-->[com.google.firebase:firebase-auth:23.0.0] AndroidManifest.xml:41:17-44:51
80                    android:host="firebase.auth"
80-->[com.google.firebase:firebase-auth:23.0.0] AndroidManifest.xml:42:21-49
81                    android:path="/"
81-->[com.google.firebase:firebase-auth:23.0.0] AndroidManifest.xml:43:21-37
82                    android:scheme="recaptcha" />
82-->[com.google.firebase:firebase-auth:23.0.0] AndroidManifest.xml:44:21-48
83            </intent-filter>
84        </activity>
85
86        <service
86-->[com.google.firebase:firebase-auth:23.0.0] AndroidManifest.xml:66:9-72:19
87            android:name="com.google.firebase.components.ComponentDiscoveryService"
87-->[com.google.firebase:firebase-auth:23.0.0] AndroidManifest.xml:67:13-84
88            android:directBootAware="true"
88-->[com.google.firebase:firebase-common:21.0.0] AndroidManifest.xml:32:13-43
89            android:exported="false" >
89-->[com.google.firebase:firebase-auth:23.0.0] AndroidManifest.xml:68:13-37
90            <meta-data
90-->[com.google.firebase:firebase-auth:23.0.0] AndroidManifest.xml:69:13-71:85
91                android:name="com.google.firebase.components:com.google.firebase.auth.FirebaseAuthRegistrar"
91-->[com.google.firebase:firebase-auth:23.0.0] AndroidManifest.xml:70:17-109
92                android:value="com.google.firebase.components.ComponentRegistrar" />
92-->[com.google.firebase:firebase-auth:23.0.0] AndroidManifest.xml:71:17-82
93            <meta-data
93-->[com.google.firebase:firebase-firestore:25.0.0] AndroidManifest.xml:17:13-19:85
94                android:name="com.google.firebase.components:com.google.firebase.firestore.FirebaseFirestoreKtxRegistrar"
94-->[com.google.firebase:firebase-firestore:25.0.0] AndroidManifest.xml:18:17-122
95                android:value="com.google.firebase.components.ComponentRegistrar" />
95-->[com.google.firebase:firebase-firestore:25.0.0] AndroidManifest.xml:19:17-82
96            <meta-data
96-->[com.google.firebase:firebase-firestore:25.0.0] AndroidManifest.xml:20:13-22:85
97                android:name="com.google.firebase.components:com.google.firebase.firestore.FirestoreRegistrar"
97-->[com.google.firebase:firebase-firestore:25.0.0] AndroidManifest.xml:21:17-111
98                android:value="com.google.firebase.components.ComponentRegistrar" />
98-->[com.google.firebase:firebase-firestore:25.0.0] AndroidManifest.xml:22:17-82
99            <meta-data
99-->[com.google.firebase:firebase-common-ktx:21.0.0] AndroidManifest.xml:12:13-14:85
100                android:name="com.google.firebase.components:com.google.firebase.ktx.FirebaseCommonLegacyRegistrar"
100-->[com.google.firebase:firebase-common-ktx:21.0.0] AndroidManifest.xml:13:17-116
101                android:value="com.google.firebase.components.ComponentRegistrar" />
101-->[com.google.firebase:firebase-common-ktx:21.0.0] AndroidManifest.xml:14:17-82
102            <meta-data
102-->[com.google.firebase:firebase-common:21.0.0] AndroidManifest.xml:35:13-37:85
103                android:name="com.google.firebase.components:com.google.firebase.FirebaseCommonKtxRegistrar"
103-->[com.google.firebase:firebase-common:21.0.0] AndroidManifest.xml:36:17-109
104                android:value="com.google.firebase.components.ComponentRegistrar" />
104-->[com.google.firebase:firebase-common:21.0.0] AndroidManifest.xml:37:17-82
105        </service>
106        <service
106-->[androidx.credentials:credentials-play-services-auth:1.2.0-rc01] AndroidManifest.xml:24:9-32:19
107            android:name="androidx.credentials.playservices.CredentialProviderMetadataHolder"
107-->[androidx.credentials:credentials-play-services-auth:1.2.0-rc01] AndroidManifest.xml:25:13-94
108            android:enabled="true"
108-->[androidx.credentials:credentials-play-services-auth:1.2.0-rc01] AndroidManifest.xml:26:13-35
109            android:exported="false" >
109-->[androidx.credentials:credentials-play-services-auth:1.2.0-rc01] AndroidManifest.xml:27:13-37
110            <meta-data
110-->[androidx.credentials:credentials-play-services-auth:1.2.0-rc01] AndroidManifest.xml:29:13-31:104
111                android:name="androidx.credentials.CREDENTIAL_PROVIDER_KEY"
111-->[androidx.credentials:credentials-play-services-auth:1.2.0-rc01] AndroidManifest.xml:30:17-76
112                android:value="androidx.credentials.playservices.CredentialProviderPlayServicesImpl" />
112-->[androidx.credentials:credentials-play-services-auth:1.2.0-rc01] AndroidManifest.xml:31:17-101
113        </service>
114
115        <activity
115-->[androidx.credentials:credentials-play-services-auth:1.2.0-rc01] AndroidManifest.xml:34:9-41:20
116            android:name="androidx.credentials.playservices.HiddenActivity"
116-->[androidx.credentials:credentials-play-services-auth:1.2.0-rc01] AndroidManifest.xml:35:13-76
117            android:configChanges="orientation|screenSize|screenLayout|keyboardHidden"
117-->[androidx.credentials:credentials-play-services-auth:1.2.0-rc01] AndroidManifest.xml:36:13-87
118            android:enabled="true"
118-->[androidx.credentials:credentials-play-services-auth:1.2.0-rc01] AndroidManifest.xml:37:13-35
119            android:exported="false"
119-->[androidx.credentials:credentials-play-services-auth:1.2.0-rc01] AndroidManifest.xml:38:13-37
120            android:fitsSystemWindows="true"
120-->[androidx.credentials:credentials-play-services-auth:1.2.0-rc01] AndroidManifest.xml:39:13-45
121            android:theme="@style/Theme.Hidden" >
121-->[androidx.credentials:credentials-play-services-auth:1.2.0-rc01] AndroidManifest.xml:40:13-48
122        </activity>
123        <activity
123-->[com.google.android.gms:play-services-auth:20.7.0] AndroidManifest.xml:23:9-27:75
124            android:name="com.google.android.gms.auth.api.signin.internal.SignInHubActivity"
124-->[com.google.android.gms:play-services-auth:20.7.0] AndroidManifest.xml:24:13-93
125            android:excludeFromRecents="true"
125-->[com.google.android.gms:play-services-auth:20.7.0] AndroidManifest.xml:25:13-46
126            android:exported="false"
126-->[com.google.android.gms:play-services-auth:20.7.0] AndroidManifest.xml:26:13-37
127            android:theme="@android:style/Theme.Translucent.NoTitleBar" />
127-->[com.google.android.gms:play-services-auth:20.7.0] AndroidManifest.xml:27:13-72
128        <!--
129            Service handling Google Sign-In user revocation. For apps that do not integrate with
130            Google Sign-In, this service will never be started.
131        -->
132        <service
132-->[com.google.android.gms:play-services-auth:20.7.0] AndroidManifest.xml:33:9-37:51
133            android:name="com.google.android.gms.auth.api.signin.RevocationBoundService"
133-->[com.google.android.gms:play-services-auth:20.7.0] AndroidManifest.xml:34:13-89
134            android:exported="true"
134-->[com.google.android.gms:play-services-auth:20.7.0] AndroidManifest.xml:35:13-36
135            android:permission="com.google.android.gms.auth.api.signin.permission.REVOCATION_NOTIFICATION"
135-->[com.google.android.gms:play-services-auth:20.7.0] AndroidManifest.xml:36:13-107
136            android:visibleToInstantApps="true" />
136-->[com.google.android.gms:play-services-auth:20.7.0] AndroidManifest.xml:37:13-48
137
138        <activity
138-->[com.google.android.gms:play-services-base:18.0.1] AndroidManifest.xml:20:9-22:45
139            android:name="com.google.android.gms.common.api.GoogleApiActivity"
139-->[com.google.android.gms:play-services-base:18.0.1] AndroidManifest.xml:20:19-85
140            android:exported="false"
140-->[com.google.android.gms:play-services-base:18.0.1] AndroidManifest.xml:22:19-43
141            android:theme="@android:style/Theme.Translucent.NoTitleBar" />
141-->[com.google.android.gms:play-services-base:18.0.1] AndroidManifest.xml:21:19-78
142
143        <provider
143-->[com.google.firebase:firebase-common:21.0.0] AndroidManifest.xml:23:9-28:39
144            android:name="com.google.firebase.provider.FirebaseInitProvider"
144-->[com.google.firebase:firebase-common:21.0.0] AndroidManifest.xml:24:13-77
145            android:authorities="com.example.myapplication.firebaseinitprovider"
145-->[com.google.firebase:firebase-common:21.0.0] AndroidManifest.xml:25:13-72
146            android:directBootAware="true"
146-->[com.google.firebase:firebase-common:21.0.0] AndroidManifest.xml:26:13-43
147            android:exported="false"
147-->[com.google.firebase:firebase-common:21.0.0] AndroidManifest.xml:27:13-37
148            android:initOrder="100" />
148-->[com.google.firebase:firebase-common:21.0.0] AndroidManifest.xml:28:13-36
149        <provider
149-->[androidx.emoji2:emoji2:1.2.0] AndroidManifest.xml:24:9-32:20
150            android:name="androidx.startup.InitializationProvider"
150-->[androidx.emoji2:emoji2:1.2.0] AndroidManifest.xml:25:13-67
151            android:authorities="com.example.myapplication.androidx-startup"
151-->[androidx.emoji2:emoji2:1.2.0] AndroidManifest.xml:26:13-68
152            android:exported="false" >
152-->[androidx.emoji2:emoji2:1.2.0] AndroidManifest.xml:27:13-37
153            <meta-data
153-->[androidx.emoji2:emoji2:1.2.0] AndroidManifest.xml:29:13-31:52
154                android:name="androidx.emoji2.text.EmojiCompatInitializer"
154-->[androidx.emoji2:emoji2:1.2.0] AndroidManifest.xml:30:17-75
155                android:value="androidx.startup" />
155-->[androidx.emoji2:emoji2:1.2.0] AndroidManifest.xml:31:17-49
156            <meta-data
156-->[androidx.lifecycle:lifecycle-process:2.6.2] AndroidManifest.xml:29:13-31:52
157                android:name="androidx.lifecycle.ProcessLifecycleInitializer"
157-->[androidx.lifecycle:lifecycle-process:2.6.2] AndroidManifest.xml:30:17-78
158                android:value="androidx.startup" />
158-->[androidx.lifecycle:lifecycle-process:2.6.2] AndroidManifest.xml:31:17-49
159            <meta-data
159-->[androidx.profileinstaller:profileinstaller:1.3.1] AndroidManifest.xml:29:13-31:52
160                android:name="androidx.profileinstaller.ProfileInstallerInitializer"
160-->[androidx.profileinstaller:profileinstaller:1.3.1] AndroidManifest.xml:30:17-85
161                android:value="androidx.startup" />
161-->[androidx.profileinstaller:profileinstaller:1.3.1] AndroidManifest.xml:31:17-49
162        </provider>
163
164        <meta-data
164-->[com.google.android.gms:play-services-basement:18.3.0] AndroidManifest.xml:21:9-23:69
165            android:name="com.google.android.gms.version"
165-->[com.google.android.gms:play-services-basement:18.3.0] AndroidManifest.xml:22:13-58
166            android:value="@integer/google_play_services_version" />
166-->[com.google.android.gms:play-services-basement:18.3.0] AndroidManifest.xml:23:13-66
167
168        <receiver
168-->[androidx.profileinstaller:profileinstaller:1.3.1] AndroidManifest.xml:34:9-52:20
169            android:name="androidx.profileinstaller.ProfileInstallReceiver"
169-->[androidx.profileinstaller:profileinstaller:1.3.1] AndroidManifest.xml:35:13-76
170            android:directBootAware="false"
170-->[androidx.profileinstaller:profileinstaller:1.3.1] AndroidManifest.xml:36:13-44
171            android:enabled="true"
171-->[androidx.profileinstaller:profileinstaller:1.3.1] AndroidManifest.xml:37:13-35
172            android:exported="true"
172-->[androidx.profileinstaller:profileinstaller:1.3.1] AndroidManifest.xml:38:13-36
173            android:permission="android.permission.DUMP" >
173-->[androidx.profileinstaller:profileinstaller:1.3.1] AndroidManifest.xml:39:13-57
174            <intent-filter>
174-->[androidx.profileinstaller:profileinstaller:1.3.1] AndroidManifest.xml:40:13-42:29
175                <action android:name="androidx.profileinstaller.action.INSTALL_PROFILE" />
175-->[androidx.profileinstaller:profileinstaller:1.3.1] AndroidManifest.xml:41:17-91
175-->[androidx.profileinstaller:profileinstaller:1.3.1] AndroidManifest.xml:41:25-88
176            </intent-filter>
177            <intent-filter>
177-->[androidx.profileinstaller:profileinstaller:1.3.1] AndroidManifest.xml:43:13-45:29
178                <action android:name="androidx.profileinstaller.action.SKIP_FILE" />
178-->[androidx.profileinstaller:profileinstaller:1.3.1] AndroidManifest.xml:44:17-85
178-->[androidx.profileinstaller:profileinstaller:1.3.1] AndroidManifest.xml:44:25-82
179            </intent-filter>
180            <intent-filter>
180-->[androidx.profileinstaller:profileinstaller:1.3.1] AndroidManifest.xml:46:13-48:29
181                <action android:name="androidx.profileinstaller.action.SAVE_PROFILE" />
181-->[androidx.profileinstaller:profileinstaller:1.3.1] AndroidManifest.xml:47:17-88
181-->[androidx.profileinstaller:profileinstaller:1.3.1] AndroidManifest.xml:47:25-85
182            </intent-filter>
183            <intent-filter>
183-->[androidx.profileinstaller:profileinstaller:1.3.1] AndroidManifest.xml:49:13-51:29
184                <action android:name="androidx.profileinstaller.action.BENCHMARK_OPERATION" />
184-->[androidx.profileinstaller:profileinstaller:1.3.1] AndroidManifest.xml:50:17-95
184-->[androidx.profileinstaller:profileinstaller:1.3.1] AndroidManifest.xml:50:25-92
185            </intent-filter>
186        </receiver>
187    </application>
188
189</manifest>